#
# There is insufficient memory for the Java Runtime Environment to continue.
# Native memory allocation (malloc) failed to allocate 554944 bytes for Chunk::new
# Possible reasons:
#   The system is out of physical RAM or swap space
#   The process is running with CompressedOops enabled, and the Java Heap may be blocking the growth of the native heap
# Possible solutions:
#   Reduce memory load on the system
#   Increase physical memory or swap space
#   Check if swap backing store is full
#   Decrease Java heap size (-Xmx/-Xms)
#   Decrease number of Java threads
#   Decrease Java thread stack sizes (-Xss)
#   Set larger code cache with -XX:ReservedCodeCacheSize=
#   JVM is running with Zero Based Compressed Oops mode in which the Java heap is
#     placed in the first 32GB address space. The Java Heap base address is the
#     maximum limit for the native heap growth. Please use -XX:HeapBaseMinAddress
#     to set the Java Heap base and to place the Java Heap above 32GB virtual address.
# This output file may be truncated or incomplete.
#
#  Out of Memory Error (arena.cpp:184), pid=30648, tid=9276
#
# JRE version: OpenJDK Runtime Environment (20.0+36) (build 20+36-2344)
# Java VM: OpenJDK 64-Bit Server VM (20+36-2344, mixed mode, sharing, tiered, compressed oops, compressed class ptrs, g1 gc, windows-amd64)
# No core dump will be written. Minidumps are not enabled by default on client versions of Windows
#

---------------  S U M M A R Y ------------

Command Line: -javaagent:C:\Program Files\JetBrains\IntelliJ IDEA Community Edition 2022.3.1\lib\idea_rt.jar=52126:C:\Program Files\JetBrains\IntelliJ IDEA Community Edition 2022.3.1\bin -Dfile.encoding=UTF-8 -Dsun.stdout.encoding=UTF-8 -Dsun.stderr.encoding=UTF-8 com.application.cart.CartApplication

Host: AMD Ryzen 7 3750H with Radeon Vega Mobile Gfx  , 8 cores, 13G,  Windows 11 , 64 bit Build 22621 (10.0.22621.1778)
Time: Fri Jun  2 16:17:38 2023  Windows 11 , 64 bit Build 22621 (10.0.22621.1778) elapsed time: 3525.614797 seconds (0d 0h 58m 45s)

---------------  T H R E A D  ---------------

Current thread (0x00000270fe822c80):  JavaThread "C2 CompilerThread0" daemon [_thread_in_native, id=9276, stack(0x000000a06ea00000,0x000000a06eb00000)]


Current CompileTask:
C2:3525614 9900       4       org.springframework.web.cors.DefaultCorsProcessor::processRequest (163 bytes)

Stack: [0x000000a06ea00000,0x000000a06eb00000]
Native frames: (J=compiled Java code, j=interpreted, Vv=VM code, C=native code)
V  [jvm.dll+0x6bb95a]
V  [jvm.dll+0x8483aa]
V  [jvm.dll+0x849fa5]
V  [jvm.dll+0x84a6a3]
V  [jvm.dll+0x280b0f]
V  [jvm.dll+0xc2b11]
V  [jvm.dll+0xc2e35]
V  [jvm.dll+0x3bb17c]
V  [jvm.dll+0x1e6aba]
V  [jvm.dll+0x24b3ab]
V  [jvm.dll+0x24a651]
V  [jvm.dll+0x1ce491]
V  [jvm.dll+0x259e1b]
V  [jvm.dll+0x2584f0]
V  [jvm.dll+0x3f2895]
V  [jvm.dll+0x7f4906]
V  [jvm.dll+0x6ba5cb]
C  [ucrtbase.dll+0x29363]
C  [KERNEL32.DLL+0x126ad]
C  [ntdll.dll+0x5a9f8]


---------------  P R O C E S S  ---------------

Threads class SMR info:
_java_thread_list=0x00000270a2caa630, length=31, elements={
0x00000270fe8136b0, 0x00000270fe8141f0, 0x00000270fe8197d0, 0x00000270fe81c220,
0x00000270fe81d170, 0x00000270fe81dff0, 0x00000270fe822c80, 0x00000270a0918490,
0x00000270fe7e0760, 0x00000270a0c03fc0, 0x00000270a0c9a680, 0x00000270a3406e80,
0x00000270a3502b10, 0x00000270a3503060, 0x00000270a35045a0, 0x00000270a3502070,
0x00000270a35025c0, 0x00000270a35015d0, 0x00000270a35035b0, 0x00000270a3504af0,
0x00000270a3501b20, 0x00000270a3503b00, 0x00000270a3504050, 0x00000270a3d2e6f0,
0x00000270a3d316c0, 0x00000270a3d33150, 0x00000270a3d31c10, 0x00000270a3d2fc30,
0x00000270a3d2e1a0, 0x00000270a3d31170, 0x00000270a50548d0
}

Java Threads: ( => current thread )
  0x00000270fe8136b0 JavaThread "Reference Handler" daemon [_thread_blocked, id=31084, stack(0x000000a06e400000,0x000000a06e500000)]
  0x00000270fe8141f0 JavaThread "Finalizer" daemon [_thread_blocked, id=14836, stack(0x000000a06e500000,0x000000a06e600000)]
  0x00000270fe8197d0 JavaThread "Signal Dispatcher" daemon [_thread_blocked, id=3924, stack(0x000000a06e600000,0x000000a06e700000)]
  0x00000270fe81c220 JavaThread "Attach Listener" daemon [_thread_blocked, id=18448, stack(0x000000a06e700000,0x000000a06e800000)]
  0x00000270fe81d170 JavaThread "Service Thread" daemon [_thread_blocked, id=12348, stack(0x000000a06e800000,0x000000a06e900000)]
  0x00000270fe81dff0 JavaThread "Monitor Deflation Thread" daemon [_thread_blocked, id=1872, stack(0x000000a06e900000,0x000000a06ea00000)]
=>0x00000270fe822c80 JavaThread "C2 CompilerThread0" daemon [_thread_in_native, id=9276, stack(0x000000a06ea00000,0x000000a06eb00000)]
  0x00000270a0918490 JavaThread "C1 CompilerThread0" daemon [_thread_blocked, id=31800, stack(0x000000a06eb00000,0x000000a06ec00000)]
  0x00000270fe7e0760 JavaThread "Common-Cleaner" daemon [_thread_blocked, id=16536, stack(0x000000a06ec00000,0x000000a06ed00000)]
  0x00000270a0c03fc0 JavaThread "Monitor Ctrl-Break" daemon [_thread_in_native, id=29160, stack(0x000000a06ef00000,0x000000a06f000000)]
  0x00000270a0c9a680 JavaThread "Notification Thread" daemon [_thread_blocked, id=2368, stack(0x000000a06f000000,0x000000a06f100000)]
  0x00000270a3406e80 JavaThread "Catalina-utility-1" [_thread_blocked, id=20848, stack(0x000000a06fa00000,0x000000a06fb00000)]
  0x00000270a3502b10 JavaThread "Catalina-utility-2" [_thread_blocked, id=7324, stack(0x000000a06fb00000,0x000000a06fc00000)]
  0x00000270a3503060 JavaThread "container-0" [_thread_blocked, id=29408, stack(0x000000a06fc00000,0x000000a06fd00000)]
  0x00000270a35045a0 JavaThread "commons-pool-evictor" daemon [_thread_blocked, id=29092, stack(0x000000a06fd00000,0x000000a06fe00000)]
  0x00000270a3502070 JavaThread "lettuce-timer-3-1" daemon [_thread_blocked, id=28356, stack(0x000000a06fe00000,0x000000a06ff00000)]
  0x00000270a35025c0 JavaThread "spring.cloud.inetutils" daemon [_thread_blocked, id=15696, stack(0x000000a06ff00000,0x000000a070000000)]
  0x00000270a35015d0 JavaThread "http-nio-8083-exec-1" daemon [_thread_blocked, id=6260, stack(0x000000a06ee00000,0x000000a06ef00000)]
  0x00000270a35035b0 JavaThread "http-nio-8083-exec-2" daemon [_thread_blocked, id=32704, stack(0x000000a070000000,0x000000a070100000)]
  0x00000270a3504af0 JavaThread "http-nio-8083-exec-3" daemon [_thread_blocked, id=28916, stack(0x000000a070100000,0x000000a070200000)]
  0x00000270a3501b20 JavaThread "http-nio-8083-exec-4" daemon [_thread_blocked, id=18968, stack(0x000000a070200000,0x000000a070300000)]
  0x00000270a3503b00 JavaThread "http-nio-8083-exec-5" daemon [_thread_blocked, id=18996, stack(0x000000a070300000,0x000000a070400000)]
  0x00000270a3504050 JavaThread "http-nio-8083-exec-6" daemon [_thread_blocked, id=30076, stack(0x000000a070400000,0x000000a070500000)]
  0x00000270a3d2e6f0 JavaThread "http-nio-8083-exec-7" daemon [_thread_blocked, id=17724, stack(0x000000a070500000,0x000000a070600000)]
  0x00000270a3d316c0 JavaThread "http-nio-8083-exec-8" daemon [_thread_blocked, id=15116, stack(0x000000a070600000,0x000000a070700000)]
  0x00000270a3d33150 JavaThread "http-nio-8083-exec-9" daemon [_thread_blocked, id=14116, stack(0x000000a070700000,0x000000a070800000)]
  0x00000270a3d31c10 JavaThread "http-nio-8083-exec-10" daemon [_thread_blocked, id=10732, stack(0x000000a070800000,0x000000a070900000)]
  0x00000270a3d2fc30 JavaThread "http-nio-8083-Poller" daemon [_thread_in_native, id=16424, stack(0x000000a070900000,0x000000a070a00000)]
  0x00000270a3d2e1a0 JavaThread "http-nio-8083-Acceptor" daemon [_thread_in_native, id=27372, stack(0x000000a070a00000,0x000000a070b00000)]
  0x00000270a3d31170 JavaThread "DestroyJavaVM" [_thread_blocked, id=32544, stack(0x000000a06dd00000,0x000000a06de00000)]
  0x00000270a50548d0 JavaThread "C2 CompilerThread1" daemon [_thread_blocked, id=14140, stack(0x000000a06db00000,0x000000a06dc00000)]

Other Threads:
  0x00000270fe7f5d30 VMThread "VM Thread" [stack: 0x000000a06e300000,0x000000a06e400000] [id=31648]
  0x00000270a0c9abd0 WatcherThread "VM Periodic Task Thread" [stack: 0x000000a06f100000,0x000000a06f200000] [id=30332]
  0x00000270fa9c6e40 WorkerThread "GC Thread#0" [stack: 0x000000a06de00000,0x000000a06df00000] [id=7932]
  0x00000270a16edd80 WorkerThread "GC Thread#1" [stack: 0x000000a06f200000,0x000000a06f300000] [id=17744]
  0x00000270a16ee050 WorkerThread "GC Thread#2" [stack: 0x000000a06f300000,0x000000a06f400000] [id=22612]
  0x00000270a17691b0 WorkerThread "GC Thread#3" [stack: 0x000000a06f400000,0x000000a06f500000] [id=7108]
  0x00000270a17683a0 WorkerThread "GC Thread#4" [stack: 0x000000a06f500000,0x000000a06f600000] [id=8836]
  0x00000270a1768670 WorkerThread "GC Thread#5" [stack: 0x000000a06f600000,0x000000a06f700000] [id=12484]
  0x00000270a17680d0 WorkerThread "GC Thread#6" [stack: 0x000000a06f700000,0x000000a06f800000] [id=16736]
  0x00000270a1768940 WorkerThread "GC Thread#7" [stack: 0x000000a06f800000,0x000000a06f900000] [id=21108]
  0x00000270fa9d2780 ConcurrentGCThread "G1 Main Marker" [stack: 0x000000a06df00000,0x000000a06e000000] [id=30108]
  0x00000270fa81d990 WorkerThread "G1 Conc#0" [stack: 0x000000a06e000000,0x000000a06e100000] [id=21412]
  0x00000270a1768ee0 WorkerThread "G1 Conc#1" [stack: 0x000000a06f900000,0x000000a06fa00000] [id=2252]
  0x00000270faa0e2a0 ConcurrentGCThread "G1 Refine#0" [stack: 0x000000a06e100000,0x000000a06e200000] [id=29900]
  0x00000270faa0ebe0 ConcurrentGCThread "G1 Service" [stack: 0x000000a06e200000,0x000000a06e300000] [id=30320]

Threads with active compile tasks:
C2 CompilerThread0  3525655 9900       4       org.springframework.web.cors.DefaultCorsProcessor::processRequest (163 bytes)

VM state: not at safepoint (normal execution)

VM Mutex/Monitor currently owned by a thread: None

Heap address: 0x0000000721000000, size: 3568 MB, Compressed Oops mode: Zero based, Oop shift amount: 3

CDS archive(s) mapped at: [0x0000000800000000-0x0000000800c60000-0x0000000800c60000), size 12976128, SharedBaseAddress: 0x0000000800000000, ArchiveRelocationMode: 0.
Compressed class space mapped at: 0x0000000801000000-0x0000000841000000, reserved size: 1073741824
Narrow klass base: 0x0000000800000000, Narrow klass shift: 0, Narrow klass range: 0x100000000

GC Precious Log:
 CardTable entry size: 512
 Card Set container configuration: InlinePtr #cards 4 size 8 Array Of Cards #cards 16 size 48 Howl #buckets 8 coarsen threshold 3686 Howl Bitmap #cards 512 size 80 coarsen threshold 460 Card regions per heap region 1 cards per card region 4096
 CPUs: 8 total, 8 available
 Memory: 14269M
 Large Page Support: Disabled
 NUMA Support: Disabled
 Compressed Oops: Enabled (Zero based)
 Heap Region Size: 2M
 Heap Min Capacity: 8M
 Heap Initial Capacity: 224M
 Heap Max Capacity: 3568M
 Pre-touch: Disabled
 Parallel Workers: 8
 Concurrent Workers: 2
 Concurrent Refinement Workers: 8
 Periodic GC: Disabled

Heap:
 garbage-first heap   total 73728K, used 47214K [0x0000000721000000, 0x0000000800000000)
  region size 2048K, 13 young (26624K), 1 survivors (2048K)
 Metaspace       used 53022K, committed 53696K, reserved 1114112K
  class space    used 6463K, committed 6784K, reserved 1048576K

Heap Regions: E=young(eden), S=young(survivor), O=old, HS=humongous(starts), HC=humongous(continues), CS=collection set, F=free, OA=open archive, CA=closed archive, TAMS=top-at-mark-start, PB=parsable bottom
|   0|0x0000000721000000, 0x0000000721200000, 0x0000000721200000|100%| O|  |TAMS 0x0000000721000000| PB 0x0000000721000000| Untracked 
|   1|0x0000000721200000, 0x0000000721400000, 0x0000000721400000|100%| O|  |TAMS 0x0000000721200000| PB 0x0000000721200000| Untracked 
|   2|0x0000000721400000, 0x0000000721600000, 0x0000000721600000|100%| O|  |TAMS 0x0000000721400000| PB 0x0000000721400000| Untracked 
|   3|0x0000000721600000, 0x0000000721800000, 0x0000000721800000|100%| O|  |TAMS 0x0000000721600000| PB 0x0000000721600000| Untracked 
|   4|0x0000000721800000, 0x0000000721a00000, 0x0000000721a00000|100%| O|  |TAMS 0x0000000721800000| PB 0x0000000721800000| Untracked 
|   5|0x0000000721a00000, 0x0000000721c00000, 0x0000000721c00000|100%| O|  |TAMS 0x0000000721a00000| PB 0x0000000721a00000| Untracked 
|   6|0x0000000721c00000, 0x0000000721e00000, 0x0000000721e00000|100%| O|  |TAMS 0x0000000721c00000| PB 0x0000000721c00000| Untracked 
|   7|0x0000000721e00000, 0x0000000722000000, 0x0000000722000000|100%| O|  |TAMS 0x0000000721e00000| PB 0x0000000721e00000| Untracked 
|   8|0x0000000722000000, 0x0000000722200000, 0x0000000722200000|100%| O|  |TAMS 0x0000000722000000| PB 0x0000000722000000| Untracked 
|   9|0x0000000722200000, 0x0000000722400000, 0x0000000722400000|100%| O|  |TAMS 0x0000000722200000| PB 0x0000000722200000| Untracked 
|  10|0x0000000722400000, 0x0000000722600000, 0x0000000722600000|100%| O|  |TAMS 0x0000000722400000| PB 0x0000000722400000| Untracked 
|  11|0x0000000722600000, 0x0000000722800000, 0x0000000722800000|100%| O|  |TAMS 0x0000000722600000| PB 0x0000000722600000| Untracked 
|  12|0x0000000722800000, 0x0000000722a00000, 0x0000000722a00000|100%| O|  |TAMS 0x0000000722800000| PB 0x0000000722800000| Untracked 
|  13|0x0000000722a00000, 0x0000000722a10a00, 0x0000000722c00000|  3%| O|  |TAMS 0x0000000722a00000| PB 0x0000000722a00000| Untracked 
|  14|0x0000000722c00000, 0x0000000722c00000, 0x0000000722e00000|  0%| F|  |TAMS 0x0000000722c00000| PB 0x0000000722c00000| Untracked 
|  15|0x0000000722e00000, 0x0000000722e00000, 0x0000000723000000|  0%| F|  |TAMS 0x0000000722e00000| PB 0x0000000722e00000| Untracked 
|  16|0x0000000723000000, 0x0000000723000000, 0x0000000723200000|  0%| F|  |TAMS 0x0000000723000000| PB 0x0000000723000000| Untracked 
|  17|0x0000000723200000, 0x000000072320b160, 0x0000000723400000|  2%| S|CS|TAMS 0x0000000723200000| PB 0x0000000723200000| Complete 
|  18|0x0000000723400000, 0x0000000723400000, 0x0000000723600000|  0%| F|  |TAMS 0x0000000723400000| PB 0x0000000723400000| Untracked 
|  19|0x0000000723600000, 0x0000000723600000, 0x0000000723800000|  0%| F|  |TAMS 0x0000000723600000| PB 0x0000000723600000| Untracked 
|  20|0x0000000723800000, 0x0000000723800000, 0x0000000723a00000|  0%| F|  |TAMS 0x0000000723800000| PB 0x0000000723800000| Untracked 
|  21|0x0000000723a00000, 0x0000000723a00000, 0x0000000723c00000|  0%| F|  |TAMS 0x0000000723a00000| PB 0x0000000723a00000| Untracked 
|  22|0x0000000723c00000, 0x0000000723c00000, 0x0000000723e00000|  0%| F|  |TAMS 0x0000000723c00000| PB 0x0000000723c00000| Untracked 
|  23|0x0000000723e00000, 0x0000000723e00000, 0x0000000724000000|  0%| F|  |TAMS 0x0000000723e00000| PB 0x0000000723e00000| Untracked 
|  24|0x0000000724000000, 0x0000000724145930, 0x0000000724200000| 63%| E|  |TAMS 0x0000000724000000| PB 0x0000000724000000| Complete 
|  25|0x0000000724200000, 0x0000000724400000, 0x0000000724400000|100%| E|CS|TAMS 0x0000000724200000| PB 0x0000000724200000| Complete 
|  26|0x0000000724400000, 0x0000000724600000, 0x0000000724600000|100%| E|CS|TAMS 0x0000000724400000| PB 0x0000000724400000| Complete 
|  27|0x0000000724600000, 0x0000000724800000, 0x0000000724800000|100%| E|CS|TAMS 0x0000000724600000| PB 0x0000000724600000| Complete 
|  28|0x0000000724800000, 0x0000000724a00000, 0x0000000724a00000|100%| E|  |TAMS 0x0000000724800000| PB 0x0000000724800000| Complete 
|  29|0x0000000724a00000, 0x0000000724c00000, 0x0000000724c00000|100%| E|CS|TAMS 0x0000000724a00000| PB 0x0000000724a00000| Complete 
|  30|0x0000000724c00000, 0x0000000724e00000, 0x0000000724e00000|100%| E|CS|TAMS 0x0000000724c00000| PB 0x0000000724c00000| Complete 
|  80|0x000000072b000000, 0x000000072b200000, 0x000000072b200000|100%| E|CS|TAMS 0x000000072b000000| PB 0x000000072b000000| Complete 
|  81|0x000000072b200000, 0x000000072b400000, 0x000000072b400000|100%| E|CS|TAMS 0x000000072b200000| PB 0x000000072b200000| Complete 
|  82|0x000000072b400000, 0x000000072b600000, 0x000000072b600000|100%| E|CS|TAMS 0x000000072b400000| PB 0x000000072b400000| Complete 
|  83|0x000000072b600000, 0x000000072b800000, 0x000000072b800000|100%| E|CS|TAMS 0x000000072b600000| PB 0x000000072b600000| Complete 
| 111|0x000000072ee00000, 0x000000072f000000, 0x000000072f000000|100%| E|CS|TAMS 0x000000072ee00000| PB 0x000000072ee00000| Complete 

Card table byte_map: [0x00000270fd370000,0x00000270fda70000] _byte_map_base: 0x00000270f9a68000

Marking Bits: (CMBitMap*) 0x00000270fa9c7470
 Bits: [0x0000027096ff0000, 0x000002709a7b0000)

Polling page: 0x00000270faa10000

Metaspace:

Usage:
  Non-class:     45.47 MB used.
      Class:      6.31 MB used.
       Both:     51.78 MB used.

Virtual space:
  Non-class space:       64.00 MB reserved,      45.81 MB ( 72%) committed,  1 nodes.
      Class space:        1.00 GB reserved,       6.62 MB ( <1%) committed,  1 nodes.
             Both:        1.06 GB reserved,      52.44 MB (  5%) committed. 

Chunk freelists:
   Non-Class:  2.09 MB
       Class:  1.37 MB
        Both:  3.46 MB

MaxMetaspaceSize: unlimited
CompressedClassSpaceSize: 1.00 GB
Initial GC threshold: 21.00 MB
Current GC threshold: 59.50 MB
CDS: on
MetaspaceReclaimPolicy: balanced
 - commit_granule_bytes: 65536.
 - commit_granule_words: 8192.
 - virtual_space_node_default_size: 8388608.
 - enlarge_chunks_in_place: 1.
 - new_chunks_are_fully_committed: 0.
 - uncommit_free_chunks: 1.
 - use_allocation_guard: 0.


Internal statistics:

num_allocs_failed_limit: 9.
num_arena_births: 866.
num_arena_deaths: 0.
num_vsnodes_births: 2.
num_vsnodes_deaths: 0.
num_space_committed: 839.
num_space_uncommitted: 0.
num_chunks_returned_to_freelist: 9.
num_chunks_taken_from_freelist: 2748.
num_chunk_merges: 9.
num_chunk_splits: 1918.
num_chunks_enlarged: 1447.
num_inconsistent_stats: 0.

CodeHeap 'non-profiled nmethods': size=120000Kb used=8858Kb max_used=8858Kb free=111141Kb
 bounds [0x000002708fac0000, 0x0000027090370000, 0x0000027096ff0000]
CodeHeap 'profiled nmethods': size=120000Kb used=19689Kb max_used=19689Kb free=100311Kb
 bounds [0x0000027087ff0000, 0x0000027089330000, 0x000002708f520000]
CodeHeap 'non-nmethods': size=5760Kb used=1667Kb max_used=1727Kb free=4092Kb
 bounds [0x000002708f520000, 0x000002708f790000, 0x000002708fac0000]
 total_blobs=10138 nmethods=9478 adapters=569
 compilation: enabled
              stopped_count=0, restarted_count=0
 full_count=0

Compilation events (20 events):
Event: 3524.766 Thread 0x00000270a505a1d0 9892   !   4       org.springframework.web.util.HierarchicalUriComponents::getPort (64 bytes)
Event: 3524.774 Thread 0x00000270a505a1d0 nmethod 9892 0x0000027090359e10 code [0x0000027090359fc0, 0x000002709035a458]
Event: 3524.958 Thread 0x00000270fe822c80 nmethod 9887 0x000002709035a910 code [0x000002709035af00, 0x000002709035e850]
Event: 3525.027 Thread 0x00000270a505a1d0 9893       4       java.util.HashMap$KeySet::iterator (12 bytes)
Event: 3525.032 Thread 0x00000270a505a1d0 nmethod 9893 0x0000027090361c90 code [0x0000027090361e00, 0x0000027090362098]
Event: 3525.208 Thread 0x00000270fe822c80 9894       4       java.util.concurrent.ConcurrentHashMap::keySet (26 bytes)
Event: 3525.210 Thread 0x00000270fe822c80 nmethod 9894 0x0000027090362290 code [0x0000027090362400, 0x00000270903625e0]
Event: 3525.220 Thread 0x00000270fe822c80 9895   !   4       org.springframework.web.filter.FormContentFilter::shouldParse (52 bytes)
Event: 3525.244 Thread 0x00000270fe822c80 nmethod 9895 0x0000027090362690 code [0x0000027090362880, 0x00000270903632e8]
Event: 3525.245 Thread 0x00000270fe822c80 9896       4       org.springframework.web.filter.FormContentFilter::parseIfNecessary (31 bytes)
Event: 3525.245 Thread 0x00000270a50548d0 9897       4       org.springframework.web.filter.FormContentFilter::doFilterInternal (44 bytes)
Event: 3525.245 Thread 0x00000270fe822c80 nmethod 9896 0x0000027090363a90 code [0x0000027090363c00, 0x0000027090363cc8]
Event: 3525.245 Thread 0x00000270fe822c80 9898       4       org.springframework.security.web.session.DisableEncodeUrlFilter::doFilterInternal (16 bytes)
Event: 3525.247 Thread 0x00000270a50548d0 nmethod 9897 0x0000027090363d90 code [0x0000027090363f20, 0x0000027090364058]
Event: 3525.247 Thread 0x00000270a50548d0 9899       4       org.springframework.security.web.header.HeaderWriterFilter::doFilterInternal (25 bytes)
Event: 3525.253 Thread 0x00000270fe822c80 nmethod 9898 0x0000027090364210 code [0x00000270903643c0, 0x00000270903648a8]
Event: 3525.256 Thread 0x00000270fe822c80 9900       4       org.springframework.web.cors.DefaultCorsProcessor::processRequest (163 bytes)
Event: 3525.271 Thread 0x00000270a50548d0 nmethod 9899 0x0000027090364e10 code [0x0000027090365020, 0x0000027090365b30]
Event: 3525.302 Thread 0x00000270a50548d0 9901       4       org.springframework.security.web.header.writers.frameoptions.XFrameOptionsHeaderWriter::writeHeaders (119 bytes)
Event: 3525.303 Thread 0x00000270a50548d0 nmethod 9901 0x0000027090366610 code [0x00000270903667a0, 0x00000270903668c0]

GC Heap History (20 events):
Event: 3521.702 GC heap before
{Heap before GC invocations=93 (full 0):
 garbage-first heap   total 73728K, used 59501K [0x0000000721000000, 0x0000000800000000)
  region size 2048K, 18 young (36864K), 1 survivors (2048K)
 Metaspace       used 53022K, committed 53696K, reserved 1114112K
  class space    used 6463K, committed 6784K, reserved 1048576K
}
Event: 3521.703 GC heap after
{Heap after GC invocations=94 (full 0):
 garbage-first heap   total 73728K, used 26727K [0x0000000721000000, 0x0000000800000000)
  region size 2048K, 1 young (2048K), 1 survivors (2048K)
 Metaspace       used 53022K, committed 53696K, reserved 1114112K
  class space    used 6463K, committed 6784K, reserved 1048576K
}
Event: 3522.067 GC heap before
{Heap before GC invocations=94 (full 0):
 garbage-first heap   total 73728K, used 59495K [0x0000000721000000, 0x0000000800000000)
  region size 2048K, 18 young (36864K), 1 survivors (2048K)
 Metaspace       used 53022K, committed 53696K, reserved 1114112K
  class space    used 6463K, committed 6784K, reserved 1048576K
}
Event: 3522.069 GC heap after
{Heap after GC invocations=95 (full 0):
 garbage-first heap   total 73728K, used 26713K [0x0000000721000000, 0x0000000800000000)
  region size 2048K, 1 young (2048K), 1 survivors (2048K)
 Metaspace       used 53022K, committed 53696K, reserved 1114112K
  class space    used 6463K, committed 6784K, reserved 1048576K
}
Event: 3522.559 GC heap before
{Heap before GC invocations=95 (full 0):
 garbage-first heap   total 73728K, used 59481K [0x0000000721000000, 0x0000000800000000)
  region size 2048K, 18 young (36864K), 1 survivors (2048K)
 Metaspace       used 53022K, committed 53696K, reserved 1114112K
  class space    used 6463K, committed 6784K, reserved 1048576K
}
Event: 3522.560 GC heap after
{Heap after GC invocations=96 (full 0):
 garbage-first heap   total 73728K, used 26759K [0x0000000721000000, 0x0000000800000000)
  region size 2048K, 1 young (2048K), 1 survivors (2048K)
 Metaspace       used 53022K, committed 53696K, reserved 1114112K
  class space    used 6463K, committed 6784K, reserved 1048576K
}
Event: 3523.066 GC heap before
{Heap before GC invocations=96 (full 0):
 garbage-first heap   total 73728K, used 59527K [0x0000000721000000, 0x0000000800000000)
  region size 2048K, 18 young (36864K), 1 survivors (2048K)
 Metaspace       used 53022K, committed 53696K, reserved 1114112K
  class space    used 6463K, committed 6784K, reserved 1048576K
}
Event: 3523.067 GC heap after
{Heap after GC invocations=97 (full 0):
 garbage-first heap   total 73728K, used 26729K [0x0000000721000000, 0x0000000800000000)
  region size 2048K, 1 young (2048K), 1 survivors (2048K)
 Metaspace       used 53022K, committed 53696K, reserved 1114112K
  class space    used 6463K, committed 6784K, reserved 1048576K
}
Event: 3523.581 GC heap before
{Heap before GC invocations=97 (full 0):
 garbage-first heap   total 73728K, used 61545K [0x0000000721000000, 0x0000000800000000)
  region size 2048K, 18 young (36864K), 1 survivors (2048K)
 Metaspace       used 53022K, committed 53696K, reserved 1114112K
  class space    used 6463K, committed 6784K, reserved 1048576K
}
Event: 3523.582 GC heap after
{Heap after GC invocations=98 (full 0):
 garbage-first heap   total 73728K, used 26723K [0x0000000721000000, 0x0000000800000000)
  region size 2048K, 1 young (2048K), 1 survivors (2048K)
 Metaspace       used 53022K, committed 53696K, reserved 1114112K
  class space    used 6463K, committed 6784K, reserved 1048576K
}
Event: 3523.977 GC heap before
{Heap before GC invocations=98 (full 0):
 garbage-first heap   total 73728K, used 61539K [0x0000000721000000, 0x0000000800000000)
  region size 2048K, 18 young (36864K), 1 survivors (2048K)
 Metaspace       used 53022K, committed 53696K, reserved 1114112K
  class space    used 6463K, committed 6784K, reserved 1048576K
}
Event: 3523.978 GC heap after
{Heap after GC invocations=99 (full 0):
 garbage-first heap   total 73728K, used 26742K [0x0000000721000000, 0x0000000800000000)
  region size 2048K, 1 young (2048K), 1 survivors (2048K)
 Metaspace       used 53022K, committed 53696K, reserved 1114112K
  class space    used 6463K, committed 6784K, reserved 1048576K
}
Event: 3524.324 GC heap before
{Heap before GC invocations=99 (full 0):
 garbage-first heap   total 73728K, used 59510K [0x0000000721000000, 0x0000000800000000)
  region size 2048K, 18 young (36864K), 1 survivors (2048K)
 Metaspace       used 53022K, committed 53696K, reserved 1114112K
  class space    used 6463K, committed 6784K, reserved 1048576K
}
Event: 3524.325 GC heap after
{Heap after GC invocations=100 (full 0):
 garbage-first heap   total 73728K, used 26719K [0x0000000721000000, 0x0000000800000000)
  region size 2048K, 1 young (2048K), 1 survivors (2048K)
 Metaspace       used 53022K, committed 53696K, reserved 1114112K
  class space    used 6463K, committed 6784K, reserved 1048576K
}
Event: 3524.665 GC heap before
{Heap before GC invocations=100 (full 0):
 garbage-first heap   total 73728K, used 59487K [0x0000000721000000, 0x0000000800000000)
  region size 2048K, 18 young (36864K), 1 survivors (2048K)
 Metaspace       used 53022K, committed 53696K, reserved 1114112K
  class space    used 6463K, committed 6784K, reserved 1048576K
}
Event: 3524.666 GC heap after
{Heap after GC invocations=101 (full 0):
 garbage-first heap   total 73728K, used 26733K [0x0000000721000000, 0x0000000800000000)
  region size 2048K, 1 young (2048K), 1 survivors (2048K)
 Metaspace       used 53022K, committed 53696K, reserved 1114112K
  class space    used 6463K, committed 6784K, reserved 1048576K
}
Event: 3525.021 GC heap before
{Heap before GC invocations=101 (full 0):
 garbage-first heap   total 73728K, used 61549K [0x0000000721000000, 0x0000000800000000)
  region size 2048K, 18 young (36864K), 1 survivors (2048K)
 Metaspace       used 53022K, committed 53696K, reserved 1114112K
  class space    used 6463K, committed 6784K, reserved 1048576K
}
Event: 3525.022 GC heap after
{Heap after GC invocations=102 (full 0):
 garbage-first heap   total 73728K, used 26753K [0x0000000721000000, 0x0000000800000000)
  region size 2048K, 1 young (2048K), 1 survivors (2048K)
 Metaspace       used 53022K, committed 53696K, reserved 1114112K
  class space    used 6463K, committed 6784K, reserved 1048576K
}
Event: 3525.353 GC heap before
{Heap before GC invocations=102 (full 0):
 garbage-first heap   total 73728K, used 59521K [0x0000000721000000, 0x0000000800000000)
  region size 2048K, 18 young (36864K), 1 survivors (2048K)
 Metaspace       used 53022K, committed 53696K, reserved 1114112K
  class space    used 6463K, committed 6784K, reserved 1048576K
}
Event: 3525.354 GC heap after
{Heap after GC invocations=103 (full 0):
 garbage-first heap   total 73728K, used 26734K [0x0000000721000000, 0x0000000800000000)
  region size 2048K, 1 young (2048K), 1 survivors (2048K)
 Metaspace       used 53022K, committed 53696K, reserved 1114112K
  class space    used 6463K, committed 6784K, reserved 1048576K
}

Dll operation events (14 events):
Event: 0.010 Loaded shared library C:\Users\jants\.jdks\openjdk-20\bin\java.dll
Event: 0.019 Loaded shared library C:\Users\jants\.jdks\openjdk-20\bin\jsvml.dll
Event: 0.142 Loaded shared library C:\Users\jants\.jdks\openjdk-20\bin\zip.dll
Event: 0.145 Loaded shared library C:\Users\jants\.jdks\openjdk-20\bin\instrument.dll
Event: 0.152 Loaded shared library C:\Users\jants\.jdks\openjdk-20\bin\net.dll
Event: 0.154 Loaded shared library C:\Users\jants\.jdks\openjdk-20\bin\nio.dll
Event: 0.159 Loaded shared library C:\Users\jants\.jdks\openjdk-20\bin\zip.dll
Event: 0.275 Loaded shared library C:\Program Files\JetBrains\IntelliJ IDEA Community Edition 2022.3.1\bin\breakgen64.dll
Event: 0.284 Loaded shared library C:\Users\jants\.jdks\openjdk-20\bin\extnet.dll
Event: 0.318 Loaded shared library C:\Users\jants\.jdks\openjdk-20\bin\jimage.dll
Event: 4.070 Loaded shared library C:\Users\jants\.jdks\openjdk-20\bin\sunmscapi.dll
Event: 4.081 Loaded shared library C:\Users\jants\.jdks\openjdk-20\bin\management.dll
Event: 4.084 Loaded shared library C:\Users\jants\.jdks\openjdk-20\bin\management_ext.dll
Event: 1102.277 Loaded shared library C:\Users\jants\.jdks\openjdk-20\bin\verify.dll

Deoptimization events (20 events):
Event: 3500.251 Thread 0x00000270a3d316c0 Uncommon trap: trap_request=0xffffffbe fr.pc=0x000002709013ed58 relative=0x00000000000002d8
Event: 3500.251 Thread 0x00000270a3d316c0 Uncommon trap: reason=profile_predicate action=maybe_recompile pc=0x000002709013ed58 method=sun.security.provider.HashDrbg.addBytes([BI[[B)V @ 36 c2
Event: 3500.251 Thread 0x00000270a3d316c0 DEOPT PACKING pc=0x000002709013ed58 sp=0x000000a0706facd0
Event: 3500.251 Thread 0x00000270a3d316c0 DEOPT UNPACKING pc=0x000002708f589d22 sp=0x000000a0706fac20 mode 2
Event: 3500.253 Thread 0x00000270a35015d0 Uncommon trap: trap_request=0xffffffbe fr.pc=0x000002709013ed58 relative=0x00000000000002d8
Event: 3500.253 Thread 0x00000270a35015d0 Uncommon trap: reason=profile_predicate action=maybe_recompile pc=0x000002709013ed58 method=sun.security.provider.HashDrbg.addBytes([BI[[B)V @ 36 c2
Event: 3500.253 Thread 0x00000270a35015d0 DEOPT PACKING pc=0x000002709013ed58 sp=0x000000a06eefb040
Event: 3500.253 Thread 0x00000270a35015d0 DEOPT UNPACKING pc=0x000002708f589d22 sp=0x000000a06eefaf90 mode 2
Event: 3500.588 Thread 0x00000270a3d31c10 DEOPT PACKING pc=0x0000027088f0d029 sp=0x000000a0708feb40
Event: 3500.588 Thread 0x00000270a3d31c10 DEOPT UNPACKING pc=0x000002708f58a4c2 sp=0x000000a0708fdfb8 mode 0
Event: 3502.870 Thread 0x00000270a3d31c10 DEOPT PACKING pc=0x0000027088f00d4a sp=0x000000a0708feb10
Event: 3502.870 Thread 0x00000270a3d31c10 DEOPT UNPACKING pc=0x000002708f58a4c2 sp=0x000000a0708fdf58 mode 0
Event: 3504.930 Thread 0x00000270a35015d0 DEOPT PACKING pc=0x0000027088f3e13c sp=0x000000a06eefe9d0
Event: 3504.930 Thread 0x00000270a35015d0 DEOPT UNPACKING pc=0x000002708f58a4c2 sp=0x000000a06eefddf0 mode 0
Event: 3506.303 Thread 0x00000270a3501b20 DEOPT PACKING pc=0x0000027089070a30 sp=0x000000a0702fea80
Event: 3506.303 Thread 0x00000270a3501b20 DEOPT UNPACKING pc=0x000002708f58a4c2 sp=0x000000a0702fdea0 mode 0
Event: 3511.051 Thread 0x00000270a35015d0 Uncommon trap: trap_request=0xffffffcc fr.pc=0x000002709024579c relative=0x000000000000161c
Event: 3511.051 Thread 0x00000270a35015d0 Uncommon trap: reason=intrinsic_or_type_checked_inlining action=make_not_entrant pc=0x000002709024579c method=java.util.ArrayList$SubList.toArray([Ljava/lang/Object;)[Ljava/lang/Object; @ 58 c2
Event: 3511.051 Thread 0x00000270a35015d0 DEOPT PACKING pc=0x000002709024579c sp=0x000000a06eefce00
Event: 3511.051 Thread 0x00000270a35015d0 DEOPT UNPACKING pc=0x000002708f589d22 sp=0x000000a06eefcd38 mode 2

Classes loaded (20 events):
Event: 1102.332 Loading class java/io/ObjectOutputStream$PutFieldImpl
Event: 1102.333 Loading class java/io/ObjectOutputStream$PutField
Event: 1102.333 Loading class java/io/ObjectOutputStream$PutField done
Event: 1102.333 Loading class java/io/ObjectOutputStream$PutFieldImpl done
Event: 1102.333 Loading class java/io/ObjectStreamClass$1
Event: 1102.333 Loading class java/io/ObjectStreamClass$1 done
Event: 1102.333 Loading class java/io/ObjectStreamClass$MemberSignature
Event: 1102.333 Loading class java/io/ObjectStreamClass$MemberSignature done
Event: 1102.333 Loading class java/io/ObjectStreamClass$3
Event: 1102.333 Loading class java/io/ObjectStreamClass$3 done
Event: 1102.333 Loading class java/io/ObjectStreamClass$4
Event: 1102.333 Loading class java/io/ObjectStreamClass$4 done
Event: 1102.333 Loading class java/io/ObjectStreamClass$5
Event: 1102.333 Loading class java/io/ObjectStreamClass$5 done
Event: 1425.214 Loading class java/util/concurrent/locks/ReentrantReadWriteLock$Sync$HoldCounter
Event: 1425.214 Loading class java/util/concurrent/locks/ReentrantReadWriteLock$Sync$HoldCounter done
Event: 3105.741 Loading class jdk/internal/loader/BootLoader$PackageHelper
Event: 3105.742 Loading class jdk/internal/loader/BootLoader$PackageHelper done
Event: 3500.738 Loading class sun/util/locale/LocaleExtensions
Event: 3500.739 Loading class sun/util/locale/LocaleExtensions done

Classes unloaded (0 events):
No events

Classes redefined (0 events):
No events

Internal exceptions (20 events):
Event: 5.589 Thread 0x00000270fa960530 Exception <a 'java/lang/NoSuchMethodError'{0x000000072332fc98}: 'int java.lang.invoke.DirectMethodHandle$Holder.invokeStaticInit(java.lang.Object, java.lang.Object, java.lang.Object, java.lang.Object)'> (0x000000072332fc98) 
thrown [s\open\src\hotspot\share\interpreter\linkResolver.cpp, line 773]
Event: 5.595 Thread 0x00000270fa960530 Implicit null exception at 0x000002708fc7a993 to 0x000002708fc7af2a
Event: 5.824 Thread 0x00000270fa960530 Exception <a 'java/lang/NoSuchMethodError'{0x000000072b2550f8}: 'java.lang.Object java.lang.invoke.DirectMethodHandle$Holder.invokeVirtual(java.lang.Object, java.lang.Object, java.lang.Object, java.lang.Object, java.lang.Object, java.lang.Object, java.lang.Object, java.lang.Object)'> (0x000000072b2550f8) 
thrown [s\open\src\hotspot\share\interpreter\linkResolver.cpp, line 773]
Event: 6.006 Thread 0x00000270fa960530 Exception <a 'java/lang/NoSuchMethodError'{0x0000000724d93758}: 'void java.lang.invoke.Invokers$Holder.invokeExact_MT(java.lang.Object, java.lang.Object, int, java.lang.Object)'> (0x0000000724d93758) 
thrown [s\open\src\hotspot\share\interpreter\linkResolver.cpp, line 773]
Event: 6.216 Thread 0x00000270fa960530 Exception <a 'java/lang/NoSuchMethodError'{0x0000000724892a40}: 'java.lang.Object java.lang.invoke.DirectMethodHandle$Holder.invokeSpecial(java.lang.Object, java.lang.Object, int, java.lang.Object, int, java.lang.Object)'> (0x0000000724892a40) 
thrown [s\open\src\hotspot\share\interpreter\linkResolver.cpp, line 773]
Event: 6.216 Thread 0x00000270fa960530 Exception <a 'java/lang/NoSuchMethodError'{0x000000072489a560}: 'java.lang.Object java.lang.invoke.DirectMethodHandle$Holder.newInvokeSpecial(java.lang.Object, java.lang.Object, int, java.lang.Object, int)'> (0x000000072489a560) 
thrown [s\open\src\hotspot\share\interpreter\linkResolver.cpp, line 773]
Event: 6.217 Thread 0x00000270fa960530 Exception <a 'java/lang/NoSuchMethodError'{0x000000072489e620}: 'java.lang.Object java.lang.invoke.DirectMethodHandle$Holder.invokeSpecial(java.lang.Object, java.lang.Object, java.lang.Object, int, java.lang.Object, int)'> (0x000000072489e620) 
thrown [s\open\src\hotspot\share\interpreter\linkResolver.cpp, line 773]
Event: 16.498 Thread 0x00000270a35035b0 Exception <a 'java/lang/NoSuchMethodError'{0x0000000724500fd0}: 'java.lang.Object java.lang.invoke.DirectMethodHandle$Holder.invokeSpecial(java.lang.Object, java.lang.Object, java.lang.Object, java.lang.Object, java.lang.Object, long)'> (0x0000000724500fd0) 
thrown [s\open\src\hotspot\share\interpreter\linkResolver.cpp, line 773]
Event: 16.498 Thread 0x00000270a35035b0 Exception <a 'java/lang/NoSuchMethodError'{0x0000000724504790}: 'java.lang.Object java.lang.invoke.Invokers$Holder.linkToTargetMethod(java.lang.Object, java.lang.Object, java.lang.Object, long, java.lang.Object)'> (0x0000000724504790) 
thrown [s\open\src\hotspot\share\interpreter\linkResolver.cpp, line 773]
Event: 16.731 Thread 0x00000270a35035b0 Exception <a 'java/lang/NoSuchMethodError'{0x0000000723ec7fc8}: 'long java.lang.invoke.Invokers$Holder.invokeExact_MT(java.lang.Object, java.lang.Object)'> (0x0000000723ec7fc8) 
thrown [s\open\src\hotspot\share\interpreter\linkResolver.cpp, line 773]
Event: 1102.322 Thread 0x00000270a35035b0 Exception <a 'java/lang/IncompatibleClassChangeError'{0x0000000724ccb8e8}: Found class java.lang.Object, but interface was expected> (0x0000000724ccb8e8) 
thrown [s\open\src\hotspot\share\interpreter\linkResolver.cpp, line 840]
Event: 1102.322 Thread 0x00000270a35035b0 Exception <a 'java/lang/NoSuchMethodError'{0x0000000724ccd438}: 'long java.lang.invoke.DirectMethodHandle$Holder.invokeInterface(java.lang.Object, java.lang.Object, java.lang.Object)'> (0x0000000724ccd438) 
thrown [s\open\src\hotspot\share\interpreter\linkResolver.cpp, line 773]
Event: 1102.325 Thread 0x00000270a35035b0 Exception <a 'java/lang/IncompatibleClassChangeError'{0x0000000724cd7d10}: Found class java.lang.Object, but interface was expected> (0x0000000724cd7d10) 
thrown [s\open\src\hotspot\share\interpreter\linkResolver.cpp, line 840]
Event: 1102.327 Thread 0x00000270a35035b0 Exception <a 'java/lang/NoSuchMethodError'{0x0000000724ce0760}: 'java.lang.Object java.lang.invoke.DirectMethodHandle$Holder.invokeInterface(java.lang.Object, java.lang.Object, java.lang.Object, java.lang.Object)'> (0x0000000724ce0760) 
thrown [s\open\src\hotspot\share\interpreter\linkResolver.cpp, line 773]
Event: 1102.333 Thread 0x00000270a35035b0 Exception <a 'java/lang/NoSuchMethodError'{0x0000000724d0a188}: static [B.<clinit>()V> (0x0000000724d0a188) 
thrown [s\open\src\hotspot\share\prims\jni.cpp, line 1105]
Event: 1102.334 Thread 0x00000270a35035b0 Exception <a 'java/lang/NoSuchMethodError'{0x0000000724d11610}: 'long java.lang.invoke.DirectMethodHandle$Holder.invokeVirtual(java.lang.Object, java.lang.Object, java.lang.Object, java.lang.Object, java.lang.Object)'> (0x0000000724d11610) 
thrown [s\open\src\hotspot\share\interpreter\linkResolver.cpp, line 773]
Event: 1102.335 Thread 0x00000270a35035b0 Exception <a 'java/lang/NoSuchMethodError'{0x0000000724d1a8d8}: 'java.lang.Object java.lang.invoke.DirectMethodHandle$Holder.invokeInterface(java.lang.Object, java.lang.Object, java.lang.Object, java.lang.Object, java.lang.Object)'> (0x0000000724d1a8d8) 
thrown [s\open\src\hotspot\share\interpreter\linkResolver.cpp, line 773]
Event: 3105.743 Thread 0x00000270a3503b00 Implicit null exception at 0x000002708fde88e8 to 0x000002708fde89ce
Event: 3155.458 Thread 0x00000270a3d33150 Exception <a 'java/lang/NoSuchMethodError'{0x0000000724b54518}: 'long java.lang.invoke.DirectMethodHandle$Holder.invokeVirtual(java.lang.Object, java.lang.Object, java.lang.Object, java.lang.Object)'> (0x0000000724b54518) 
thrown [s\open\src\hotspot\share\interpreter\linkResolver.cpp, line 773]
Event: 3470.240 Thread 0x00000270a3d31c10 Implicit null exception at 0x000002708ffb3d65 to 0x000002708ffb4178

VM Operations (20 events):
Event: 3521.701 Executing VM operation: G1CollectForAllocation
Event: 3521.703 Executing VM operation: G1CollectForAllocation done
Event: 3522.067 Executing VM operation: G1CollectForAllocation
Event: 3522.069 Executing VM operation: G1CollectForAllocation done
Event: 3522.559 Executing VM operation: G1CollectForAllocation
Event: 3522.560 Executing VM operation: G1CollectForAllocation done
Event: 3523.066 Executing VM operation: G1CollectForAllocation
Event: 3523.067 Executing VM operation: G1CollectForAllocation done
Event: 3523.580 Executing VM operation: G1CollectForAllocation
Event: 3523.582 Executing VM operation: G1CollectForAllocation done
Event: 3523.977 Executing VM operation: G1CollectForAllocation
Event: 3523.978 Executing VM operation: G1CollectForAllocation done
Event: 3524.323 Executing VM operation: G1CollectForAllocation
Event: 3524.325 Executing VM operation: G1CollectForAllocation done
Event: 3524.665 Executing VM operation: G1CollectForAllocation
Event: 3524.666 Executing VM operation: G1CollectForAllocation done
Event: 3525.021 Executing VM operation: G1CollectForAllocation
Event: 3525.022 Executing VM operation: G1CollectForAllocation done
Event: 3525.353 Executing VM operation: G1CollectForAllocation
Event: 3525.354 Executing VM operation: G1CollectForAllocation done

Events (20 events):
Event: 1162.349 Thread 0x00000270a3d2ec40 Thread exited: 0x00000270a3d2ec40
Event: 1388.497 Thread 0x00000270a0d33af0 Thread added: 0x00000270a0d33af0
Event: 1389.289 Thread 0x00000270a0d33af0 Thread exited: 0x00000270a0d33af0
Event: 3250.478 Thread 0x00000270a3d32c00 Thread added: 0x00000270a3d32c00
Event: 3310.570 Thread 0x00000270a3d32c00 Thread exited: 0x00000270a3d32c00
Event: 3495.061 Thread 0x00000270a36da870 Thread added: 0x00000270a36da870
Event: 3497.759 Thread 0x00000270a36da870 Thread exited: 0x00000270a36da870
Event: 3497.876 Thread 0x00000270a1b8f380 Thread added: 0x00000270a1b8f380
Event: 3498.680 Thread 0x00000270a505acf0 Thread added: 0x00000270a505acf0
Event: 3501.115 Thread 0x00000270a505acf0 Thread exited: 0x00000270a505acf0
Event: 3501.756 Thread 0x00000270a1b8f380 Thread exited: 0x00000270a1b8f380
Event: 3503.997 Thread 0x00000270a50596b0 Thread added: 0x00000270a50596b0
Event: 3504.759 Thread 0x00000270a50596b0 Thread exited: 0x00000270a50596b0
Event: 3518.878 Thread 0x00000270a5055f10 Thread added: 0x00000270a5055f10
Event: 3522.890 Thread 0x00000270a5055f10 Thread exited: 0x00000270a5055f10
Event: 3524.113 Thread 0x00000270a505a1d0 Thread added: 0x00000270a505a1d0
Event: 3524.539 Thread 0x00000270a505a1d0 Thread exited: 0x00000270a505a1d0
Event: 3524.720 Thread 0x00000270a505a1d0 Thread added: 0x00000270a505a1d0
Event: 3525.208 Thread 0x00000270a505a1d0 Thread exited: 0x00000270a505a1d0
Event: 3525.244 Thread 0x00000270a50548d0 Thread added: 0x00000270a50548d0


Dynamic libraries:
0x00007ff63d4c0000 - 0x00007ff63d4ce000 	C:\Users\jants\.jdks\openjdk-20\bin\java.exe
0x00007ffcdecf0000 - 0x00007ffcdef04000 	C:\WINDOWS\SYSTEM32\ntdll.dll
0x00007ffcdda80000 - 0x00007ffcddb42000 	C:\WINDOWS\System32\KERNEL32.DLL
0x00007ffcdc3f0000 - 0x00007ffcdc793000 	C:\WINDOWS\System32\KERNELBASE.dll
0x00007ffcdc0f0000 - 0x00007ffcdc201000 	C:\WINDOWS\System32\ucrtbase.dll
0x00007ffccd8d0000 - 0x00007ffccd8eb000 	C:\Users\jants\.jdks\openjdk-20\bin\VCRUNTIME140.dll
0x00007ffccd8b0000 - 0x00007ffccd8c7000 	C:\Users\jants\.jdks\openjdk-20\bin\jli.dll
0x00007ffcde300000 - 0x00007ffcde4ab000 	C:\WINDOWS\System32\USER32.dll
0x00007ffcc5c70000 - 0x00007ffcc5efe000 	C:\WINDOWS\WinSxS\amd64_microsoft.windows.common-controls_6595b64144ccf1df_6.0.22621.1635_none_270f70857386168e\COMCTL32.dll
0x00007ffcdca00000 - 0x00007ffcdca26000 	C:\WINDOWS\System32\win32u.dll
0x00007ffcde0b0000 - 0x00007ffcde157000 	C:\WINDOWS\System32\msvcrt.dll
0x00007ffcdd910000 - 0x00007ffcdd939000 	C:\WINDOWS\System32\GDI32.dll
0x00007ffcdc2d0000 - 0x00007ffcdc3e9000 	C:\WINDOWS\System32\gdi32full.dll
0x00007ffcdca30000 - 0x00007ffcdcaca000 	C:\WINDOWS\System32\msvcp_win.dll
0x00007ffcdcad0000 - 0x00007ffcdcb01000 	C:\WINDOWS\System32\IMM32.DLL
0x00007ffcd6870000 - 0x00007ffcd687c000 	C:\Users\jants\.jdks\openjdk-20\bin\vcruntime140_1.dll
0x00007ffc943b0000 - 0x00007ffc9443e000 	C:\Users\jants\.jdks\openjdk-20\bin\msvcp140.dll
0x00007ffc6e890000 - 0x00007ffc6f527000 	C:\Users\jants\.jdks\openjdk-20\bin\server\jvm.dll
0x00007ffcdd940000 - 0x00007ffcdd9ee000 	C:\WINDOWS\System32\ADVAPI32.dll
0x00007ffcde950000 - 0x00007ffcde9f4000 	C:\WINDOWS\System32\sechost.dll
0x00007ffcdeab0000 - 0x00007ffcdebc7000 	C:\WINDOWS\System32\RPCRT4.dll
0x00007ffcd5e00000 - 0x00007ffcd5e34000 	C:\WINDOWS\SYSTEM32\WINMM.dll
0x00007ffcd2c00000 - 0x00007ffcd2c0a000 	C:\WINDOWS\SYSTEM32\VERSION.dll
0x00007ffcccd20000 - 0x00007ffcccd29000 	C:\WINDOWS\SYSTEM32\WSOCK32.dll
0x00007ffcddb50000 - 0x00007ffcddbc1000 	C:\WINDOWS\System32\WS2_32.dll
0x00007ffcdb100000 - 0x00007ffcdb118000 	C:\WINDOWS\SYSTEM32\kernel.appcore.dll
0x00007ffcd2280000 - 0x00007ffcd228a000 	C:\Users\jants\.jdks\openjdk-20\bin\jimage.dll
0x00007ffccb7d0000 - 0x00007ffccb9fe000 	C:\WINDOWS\SYSTEM32\DBGHELP.DLL
0x00007ffcdcc40000 - 0x00007ffcdcfc9000 	C:\WINDOWS\System32\combase.dll
0x00007ffcde1b0000 - 0x00007ffcde287000 	C:\WINDOWS\System32\OLEAUT32.dll
0x00007ffccb6f0000 - 0x00007ffccb722000 	C:\WINDOWS\SYSTEM32\dbgcore.DLL
0x00007ffcdc980000 - 0x00007ffcdc9fb000 	C:\WINDOWS\System32\bcryptPrimitives.dll
0x00007ffccd9a0000 - 0x00007ffccd9ae000 	C:\Users\jants\.jdks\openjdk-20\bin\instrument.dll
0x00007ffcc57e0000 - 0x00007ffcc5806000 	C:\Users\jants\.jdks\openjdk-20\bin\java.dll
0x00007ffc7fbd0000 - 0x00007ffc7fca7000 	C:\Users\jants\.jdks\openjdk-20\bin\jsvml.dll
0x00007ffcdd0f0000 - 0x00007ffcdd8ea000 	C:\WINDOWS\System32\SHELL32.dll
0x00007ffcda0a0000 - 0x00007ffcda96e000 	C:\WINDOWS\SYSTEM32\windows.storage.dll
0x00007ffcd9f60000 - 0x00007ffcda09e000 	C:\WINDOWS\SYSTEM32\wintypes.dll
0x00007ffcddd70000 - 0x00007ffcdde61000 	C:\WINDOWS\System32\SHCORE.dll
0x00007ffcdebd0000 - 0x00007ffcdec2e000 	C:\WINDOWS\System32\shlwapi.dll
0x00007ffcdc020000 - 0x00007ffcdc041000 	C:\WINDOWS\SYSTEM32\profapi.dll
0x00007ffcca4d0000 - 0x00007ffcca4e8000 	C:\Users\jants\.jdks\openjdk-20\bin\zip.dll
0x00007ffccbc00000 - 0x00007ffccbc13000 	C:\Users\jants\.jdks\openjdk-20\bin\net.dll
0x00007ffcd59b0000 - 0x00007ffcd5ae7000 	C:\WINDOWS\SYSTEM32\WINHTTP.dll
0x00007ffcdb560000 - 0x00007ffcdb5c9000 	C:\WINDOWS\system32\mswsock.dll
0x00007ffccd900000 - 0x00007ffccd916000 	C:\Users\jants\.jdks\openjdk-20\bin\nio.dll
0x00007ffccd880000 - 0x00007ffccd89a000 	C:\Program Files\JetBrains\IntelliJ IDEA Community Edition 2022.3.1\bin\breakgen64.dll
0x00007ffcd82f0000 - 0x00007ffcd82f7000 	C:\Users\jants\.jdks\openjdk-20\bin\extnet.dll
0x00007ffcdac10000 - 0x00007ffcdac3d000 	C:\WINDOWS\SYSTEM32\IPHLPAPI.DLL
0x00007ffcde930000 - 0x00007ffcde939000 	C:\WINDOWS\System32\NSI.dll
0x00007ffcd5640000 - 0x00007ffcd5659000 	C:\WINDOWS\SYSTEM32\dhcpcsvc6.DLL
0x00007ffcd5620000 - 0x00007ffcd563f000 	C:\WINDOWS\SYSTEM32\dhcpcsvc.DLL
0x00007ffcdac40000 - 0x00007ffcdad33000 	C:\WINDOWS\SYSTEM32\DNSAPI.dll
0x00007ffcd0520000 - 0x00007ffcd052a000 	C:\Windows\System32\rasadhlp.dll
0x00007ffcd41f0000 - 0x00007ffcd4274000 	C:\WINDOWS\System32\fwpuclnt.dll
0x00007ffcdb880000 - 0x00007ffcdb89b000 	C:\WINDOWS\SYSTEM32\CRYPTSP.dll
0x00007ffcdb070000 - 0x00007ffcdb0a5000 	C:\WINDOWS\system32\rsaenh.dll
0x00007ffcdb600000 - 0x00007ffcdb628000 	C:\WINDOWS\SYSTEM32\USERENV.dll
0x00007ffcdb9b0000 - 0x00007ffcdb9d8000 	C:\WINDOWS\SYSTEM32\bcrypt.dll
0x00007ffcdb860000 - 0x00007ffcdb86c000 	C:\WINDOWS\SYSTEM32\CRYPTBASE.dll
0x00007ffccd9b0000 - 0x00007ffccd9be000 	C:\Users\jants\.jdks\openjdk-20\bin\sunmscapi.dll
0x00007ffcdc7a0000 - 0x00007ffcdc907000 	C:\WINDOWS\System32\CRYPT32.dll
0x00007ffcdb980000 - 0x00007ffcdb9ae000 	C:\WINDOWS\SYSTEM32\ncrypt.dll
0x00007ffcdb940000 - 0x00007ffcdb977000 	C:\WINDOWS\SYSTEM32\NTASN1.dll
0x00007ffccd9d0000 - 0x00007ffccd9da000 	C:\Users\jants\.jdks\openjdk-20\bin\management.dll
0x00007ffccd9c0000 - 0x00007ffccd9cb000 	C:\Users\jants\.jdks\openjdk-20\bin\management_ext.dll
0x00007ffcdd0e0000 - 0x00007ffcdd0e8000 	C:\WINDOWS\System32\PSAPI.DLL
0x00007ffcc7780000 - 0x00007ffcc7788000 	C:\WINDOWS\system32\wshunix.dll
0x00007ffcd0b20000 - 0x00007ffcd0b30000 	C:\Users\jants\.jdks\openjdk-20\bin\verify.dll

dbghelp: loaded successfully - version: 4.0.5 - missing functions: none
symbol engine: initialized successfully - sym options: 0x614 - pdb path: .;C:\Users\jants\.jdks\openjdk-20\bin;C:\WINDOWS\SYSTEM32;C:\WINDOWS\WinSxS\amd64_microsoft.windows.common-controls_6595b64144ccf1df_6.0.22621.1635_none_270f70857386168e;C:\Users\jants\.jdks\openjdk-20\bin\server;C:\Program Files\JetBrains\IntelliJ IDEA Community Edition 2022.3.1\bin

VM Arguments:
jvm_args: -javaagent:C:\Program Files\JetBrains\IntelliJ IDEA Community Edition 2022.3.1\lib\idea_rt.jar=52126:C:\Program Files\JetBrains\IntelliJ IDEA Community Edition 2022.3.1\bin -Dfile.encoding=UTF-8 -Dsun.stdout.encoding=UTF-8 -Dsun.stderr.encoding=UTF-8 
java_command: com.application.cart.CartApplication
java_class_path (initial): D:\test\first-microservices\cart\target\classes;C:\Users\jants\.m2\repository\org\springframework\data\spring-data-jpa\3.0.5\spring-data-jpa-3.0.5.jar;C:\Users\jants\.m2\repository\org\springframework\data\spring-data-commons\3.0.4\spring-data-commons-3.0.4.jar;C:\Users\jants\.m2\repository\org\springframework\spring-orm\6.0.7\spring-orm-6.0.7.jar;C:\Users\jants\.m2\repository\org\springframework\spring-jdbc\6.0.7\spring-jdbc-6.0.7.jar;C:\Users\jants\.m2\repository\org\springframework\spring-context\6.0.7\spring-context-6.0.7.jar;C:\Users\jants\.m2\repository\org\springframework\spring-expression\6.0.7\spring-expression-6.0.7.jar;C:\Users\jants\.m2\repository\org\springframework\spring-aop\6.0.7\spring-aop-6.0.7.jar;C:\Users\jants\.m2\repository\org\springframework\spring-tx\6.0.7\spring-tx-6.0.7.jar;C:\Users\jants\.m2\repository\org\springframework\spring-beans\6.0.7\spring-beans-6.0.7.jar;C:\Users\jants\.m2\repository\org\springframework\spring-core\6.0.7\spring-core-6.0.7.jar;C:\Users\jants\.m2\repository\org\springframework\spring-jcl\6.0.7\spring-jcl-6.0.7.jar;C:\Users\jants\.m2\repository\jakarta\annotation\jakarta.annotation-api\2.1.1\jakarta.annotation-api-2.1.1.jar;C:\Users\jants\.m2\repository\org\slf4j\slf4j-api\2.0.7\slf4j-api-2.0.7.jar;C:\Users\jants\.m2\repository\org\springframework\cloud\spring-cloud-starter-openfeign\4.0.0\spring-cloud-starter-openfeign-4.0.0.jar;C:\Users\jants\.m2\repository\org\springframework\cloud\spring-cloud-starter\4.0.0\spring-cloud-starter-4.0.0.jar;C:\Users\jants\.m2\repository\org\springframework\cloud\spring-cloud-context\4.0.0\spring-cloud-context-4.0.0.jar;C:\Users\jants\.m2\repository\org\springframework\security\spring-security-rsa\1.0.11.RELEASE\spring-security-rsa-1.0.11.RELEASE.jar;C:\Users\jants\.m2\repository\org\bouncycastle\bcpkix-jdk15on\1.69\bcpkix-jdk15on-1.69.jar;C:\Users\jants\.m2\repository\org\bouncycastle\bcprov-jdk15on\1.69\bcprov-jdk15on-1.69.jar;C:\Users\jants\.m2\repository\org\bouncycastle\bcutil-jdk15on\1.69\bcutil-jdk15on-1.69.jar;C:\Users\jants\.m2\repository\org\springframework\cloud\spring-cloud-openfeign-core\4.0.0\spring-cloud-openfeign-core-4.0.0.jar;C:\Users\jants\.m2\repository\org\springframework\boot\spring-boot-autoconfigure\3.0.5\spring-boot-autoconfigure-3.0.5.jar;C:\Users\jants\.m2\repository\org\springframework\boot\spring-boot-starter-aop\3.0.5\spring-boot-starter-aop-3.0.5.jar;C:\Users\jants\.m2\repository\org\aspectj\aspectjweaver\1.9.19\aspectjweaver-1.9.19.jar;C:\Users\jants\.m2\repository\io\github\openfeign\form\feign-form-spring\3.8.0\feign-form-spring-3.8.0.jar;C:\Users\jants\.m2\repository\io\github\openfeign\form\feign-form\3.8.0\feign-form-3.8.0.jar;C:\Users\jants\.m2\repository\commons-fileupload\commons-fileupload\1.4\commons-fileupload-1.4.jar;C:\Users\jants\.m2\repository\org\springframework\spring-web\6.0.7\spring-web-6.0.7.jar;C:\Users\jants\.m2\repository\io\micrometer\micrometer-observation\1.10.5\micrometer-observation-1.10.5.jar;C:\Users\jants\.m2\repository\io\micrometer\micrometer-commons\1.10.5\micrometer-commons-1.10.5.jar;C:\Users\jants\.m2\repository\org\springframework\cloud\spring-cloud-commons\4.0.0\spring-cloud-commons-4.0.0.jar;C:\Users\jants\.m2\repository\org\springframework\security\spring-security-crypto\6.0.2\spring-security-crypto-6.0.2.jar;C:\Users\jants\.m2\repository\io\github\openfeign\feign-core\12.1\feign-core-12.1.jar;C:\Users\jants\.m2\repository\io\github\openfeign\feign-slf4j\12.1\feign-slf4j-12.1.jar;C:\Users\jants\.m2\repository\org\springframework\boot\spring-boot-starter-security\3.0.5\spring-boot-starter-security-3.0.5.jar;C:\Users\jants\.m2\repository\org\springframework\boot\spring-boot-starter\3.0.5\spring-boot-starter-3.0.5.jar;C:\Users\jants\.m2\repository\org\springframework\boot\spring-boot\3.0.5\spring-boot-3.0.5.jar;C:\Users\jants\.m2\repository\org\springframework\boot\spring-boot-starter-logging\3.0.5\spring-boot-starter-logging-3.0.5.jar;C:\Users\jants\.m2\repository\ch\qos\logback\logback-classic\1.4.6\logback-classic-1.4.6.jar;C:\Users\jants\.m2\repository\ch\qos\logback\logback-core\1.4.6\logback-core-1.4.6.jar;C:\Users\jants\.m2\repository\org\apache\logging\log4j\log4j-to-slf4j\2.19.0\log4j-to-slf4j-2.19.0.jar;C:\Users\jants\.m2\repository\org\apache\logging\log4j\log4j-api\2.19.0\log4j-api-2.19.0.jar;C:\Users\jants\.m2\repository\org\slf4j\jul-to-slf4j\2.0.7\jul-to-slf4j-2.0.7.jar;C:\Users\jants\.m2\repository\org\yaml\snakeyaml\1.33\snakeyaml-1.33.jar;C:\Users\jants\.m2\repository\org\springframework\security\spring-security-config\6.0.2\spring-security-config-6.0.2.jar;C:\Users\jants\.m2\repository\org\springframework\security\spring-security-web\6.0.2\spring-security-web-6.0.2.jar;C:\Users\jants\.m2\repository\org\springframework\boot\spring-boot-starter-web\3.0.5\spring-boot-starter-web-3.0.5.jar;C:\Users\jants\.m2\repository\org\springframework\boot\spring-boot-starter-json\3.0.5\spring-boot-starter-json-3.0.5.jar;C:\Users\jants\.m2\repository\com\fasterxml\jackson\datatype\jackson-datatype-jdk8\2.14.2\jackson-datatype-jdk8-2.14.2.jar;C:\Users\jants\.m2\repository\com\fasterxml\jackson\datatype\jackson-datatype-jsr310\2.14.2\jackson-datatype-jsr310-2.14.2.jar;C:\Users\jants\.m2\repository\com\fasterxml\jackson\module\jackson-module-parameter-names\2.14.2\jackson-module-parameter-names-2.14.2.jar;C:\Users\jants\.m2\repository\org\springframework\boot\spring-boot-starter-tomcat\3.0.5\spring-boot-starter-tomcat-3.0.5.jar;C:\Users\jants\.m2\repository\org\apache\tomcat\embed\tomcat-embed-core\10.1.7\tomcat-embed-core-10.1.7.jar;C:\Users\jants\.m2\repository\org\apache\tomcat\embed\tomcat-embed-el\10.1.7\tomcat-embed-el-10.1.7.jar;C:\Users\jants\.m2\repository\org\apache\tomcat\embed\tomcat-embed-websocket\10.1.7\tomcat-embed-websocket-10.1.7.jar;C:\Users\jants\.m2\repository\org\springframework\spring-webmvc\6.0.7\spring-webmvc-6.0.7.jar;C:\Users\jants\.m2\repository\io\jsonwebtoken\jjwt-impl\0.11.2\jjwt-impl-0.11.2.jar;C:\Users\jants\.m2\repository\io\jsonwebtoken\jjwt-api\0.11.2\jjwt-api-0.11.2.jar;C:\Users\jants\.m2\repository\io\jsonwebtoken\jjwt-jackson\0.11.2\jjwt-jackson-0.11.2.jar;C:\Users\jants\.m2\repository\com\fasterxml\jackson\core\jackson-databind\2.14.2\jackson-databind-2.14.2.jar;C:\Users\jants\.m2\repository\com\fasterxml\jackson\core\jackson-annotations\2.14.2\jackson-annotations-2.14.2.jar;C:\Users\jants\.m2\repository\com\fasterxml\jackson\core\jackson-core\2.14.2\jackson-core-2.14.2.jar;C:\Users\jants\.m2\repository\org\springframework\boot\spring-boot-starter-data-redis\3.0.5\spring-boot-starter-data-redis-3.0.5.jar;C:\Users\jants\.m2\repository\io\lettuce\lettuce-core\6.2.3.RELEASE\lettuce-core-6.2.3.RELEASE.jar;C:\Users\jants\.m2\repository\io\netty\netty-common\4.1.90.Final\netty-common-4.1.90.Final.jar;C:\Users\jants\.m2\repository\io\netty\netty-handler\4.1.90.Final\netty-handler-4.1.90.Final.jar;C:\Users\jants\.m2\repository\io\netty\netty-resolver\4.1.90.Final\netty-resolver-4.1.90.Final.jar;C:\Users\jants\.m2\repository\io\netty\netty-buffer\4.1.90.Final\netty-buffer-4.1.90.Final.jar;C:\Users\jants\.m2\repository\io\netty\netty-transport-native-unix-common\4.1.90.Final\netty-transport-native-unix-common-4.1.90.Final.jar;C:\Users\jants\.m2\repository\io\netty\netty-codec\4.1.90.Final\netty-codec-4.1.90.Final.jar;C:\Users\jants\.m2\repository\io\netty\netty-transport\4.1.90.Final\netty-transport-4.1.90.Final.jar;C:\Users\jants\.m2\repository\io\projectreactor\reactor-core\3.5.4\reactor-core-3.5.4.jar;C:\Users\jants\.m2\repository\org\reactivestreams\reactive-streams\1.0.4\reactive-streams-1.0.4.jar;C:\Users\jants\.m2\repository\redis\clients\jedis\4.3.2\jedis-4.3.2.jar;C:\Users\jants\.m2\repository\org\apache\commons\commons-pool2\2.11.1\commons-pool2-2.11.1.jar;C:\Users\jants\.m2\repository\org\json\json\20220320\json-20220320.jar;C:\Users\jants\.m2\repository\com\google\code\gson\gson\2.9.1\gson-2.9.1.jar;C:\Users\jants\.m2\repository\org\springframework\data\spring-data-redis\3.0.4\spring-data-redis-3.0.4.jar;C:\Users\jants\.m2\repository\org\springframework\data\spring-data-keyvalue\3.0.4\spring-data-keyvalue-3.0.4.jar;C:\Users\jants\.m2\repository\org\springframework\spring-oxm\6.0.7\spring-oxm-6.0.7.jar;C:\Users\jants\.m2\repository\org\springframework\spring-context-support\6.0.7\spring-context-support-6.0.7.jar;C:\Users\jants\.m2\repository\org\modelmapper\modelmapper\3.1.0\modelmapper-3.1.0.jar;C:\Users\jants\.m2\repository\org\projectlombok\lombok\1.18.26\lombok-1.18.26.jar;C:\Users\jants\.m2\repository\org\springframework\security\spring-security-core\6.0.2\spring-security-core-6.0.2.jar
Launcher Type: SUN_STANDARD

[Global flags]
     intx CICompilerCount                          = 4                                         {product} {ergonomic}
     uint ConcGCThreads                            = 2                                         {product} {ergonomic}
     uint G1ConcRefinementThreads                  = 8                                         {product} {ergonomic}
   size_t G1HeapRegionSize                         = 2097152                                   {product} {ergonomic}
    uintx GCDrainStackTargetSize                   = 64                                        {product} {ergonomic}
   size_t InitialHeapSize                          = 234881024                                 {product} {ergonomic}
   size_t MarkStackSize                            = 4194304                                   {product} {ergonomic}
   size_t MaxHeapSize                              = 3741319168                                {product} {ergonomic}
   size_t MaxNewSize                               = 2243952640                                {product} {ergonomic}
   size_t MinHeapDeltaBytes                        = 2097152                                   {product} {ergonomic}
   size_t MinHeapSize                              = 8388608                                   {product} {ergonomic}
    uintx NonNMethodCodeHeapSize                   = 5839372                                {pd product} {ergonomic}
    uintx NonProfiledCodeHeapSize                  = 122909434                              {pd product} {ergonomic}
    uintx ProfiledCodeHeapSize                     = 122909434                              {pd product} {ergonomic}
    uintx ReservedCodeCacheSize                    = 251658240                              {pd product} {ergonomic}
     bool SegmentedCodeCache                       = true                                      {product} {ergonomic}
   size_t SoftMaxHeapSize                          = 3741319168                             {manageable} {ergonomic}
     bool UseCompressedClassPointers               = true                           {product lp64_product} {ergonomic}
     bool UseCompressedOops                        = true                           {product lp64_product} {ergonomic}
     bool UseG1GC                                  = true                                      {product} {ergonomic}
     bool UseLargePagesIndividualAllocation        = false                                  {pd product} {ergonomic}

Logging:
Log output configuration:
 #0: stdout all=warning uptime,level,tags foldmultilines=false
 #1: stderr all=off uptime,level,tags foldmultilines=false

Environment Variables:
JAVA_HOME=C:\Users\jants\.jdks\jbr-11.0.14
PATH=C:\Program Files\Common Files\Oracle\Java\javapath;C:\Windows\system32;C:\Windows;C:\Windows\System32\Wbem;C:\Windows\System32\WindowsPowerShell\v1.0\;C:\Windows\System32\OpenSSH\;C:\Program Files\Microsoft SQL Server\150\Tools\Binn\;C:\Program Files\Microsoft SQL Server\Client SDK\ODBC\170\Tools\Binn\;C:\Program Files (x86)\Microsoft SQL Server\150\Tools\Binn\;C:\Program Files\Microsoft SQL Server\150\DTS\Binn\;C:\Program Files (x86)\Microsoft SQL Server\150\DTS\Binn\;C:\Program Files\Azure Data Studio\bin;C:\WINDOWS\system32;C:\WINDOWS;C:\WINDOWS\System32\Wbem;C:\WINDOWS\System32\WindowsPowerShell\v1.0\;C:\WINDOWS\System32\OpenSSH\;C:\Program Files\nodejs\;C:\Users\jants\.jdks\openjdk-18.0.1.1\bin;C:\Program Files\Git\cmd;C:\WINDOWS\system32;C:\WINDOWS;C:\WINDOWS\System32\Wbem;C:\WINDOWS\System32\WindowsPowerShell\v1.0\;C:\WINDOWS\System32\OpenSSH\;C:\Users\jants\.jdks\jbr-11.0.14\bin;C:\Program Files\Docker\Docker\resources\bin;C:\Program Files\Kubernetes\Minikube;C:\Program Files\OpenSSL-Win64\bin;C:\Program Files\Java\jdk-20\bin;C:\Users\jants\AppData\Local\Microsoft\WindowsApps;C:\Program Files\Azure Data Studio\bin;C:\Users\jants\AppData\Roaming\npm;C:\Program Files\JetBrains\PyCharm Community Edition 2022.2.4\bin;;C:\Program Files\JetBrains\IntelliJ IDEA Community Edition 2022.3.1\bin;;;C:\Users\jants\AppData\Local\Programs\Microsoft VS Code\bin
USERNAME=jants
OS=Windows_NT
PROCESSOR_IDENTIFIER=AMD64 Family 23 Model 24 Stepping 1, AuthenticAMD
TMP=C:\Users\jants\AppData\Local\Temp
TEMP=C:\Users\jants\AppData\Local\Temp




---------------  S Y S T E M  ---------------

OS:
 Windows 11 , 64 bit Build 22621 (10.0.22621.1778)
OS uptime: 2 days 19:48 hours
Hyper-V role detected

CPU: total 8 (initial active 8) (8 cores per cpu, 2 threads per core) family 23 model 24 stepping 1 microcode 0x0, cx8, cmov, fxsr, ht, mmx, 3dnowpref, sse, sse2, sse3, ssse3, sse4a, sse4.1, sse4.2, popcnt, lzcnt, tsc, tscinvbit, avx, avx2, aes, clmul, bmi1, bmi2, adx, sha, fma, vzeroupper, clflush, clflushopt, hv, rdtscp, f16c

Memory: 4k page, system-wide physical 14269M (1357M free)
TotalPageFile size 39368M (AvailPageFile size 35M)
current process WorkingSet (physical memory assigned to process): 242M, peak: 253M
current process commit charge ("private bytes"): 286M, peak: 390M

vm_info: OpenJDK 64-Bit Server VM (20+36-2344) for windows-amd64 JRE (20+36-2344), built on 2023-02-10T19:30:15Z by "mach5one" with MS VC++ 17.1 (VS2022)

END.
